<?xml version="1.0" encoding="UTF-8"?>
<testng-results ignored="0" total="20" passed="20" failed="0" skipped="0">
  <reporter-output>
  </reporter-output>
  <suite started-at="2024-04-12T22:02:39 IST" name="Default suite" finished-at="2024-04-12T22:05:30 IST" duration-ms="170289">
    <groups>
    </groups>
    <test started-at="2024-04-12T22:02:39 IST" name="Default test" finished-at="2024-04-12T22:05:30 IST" duration-ms="170289">
      <class name="com.learnertracker.pages.TestClass1">
        <test-method is-config="true" signature="config()[pri:0, instance:com.learnertracker.pages.TestClass1@1e6a3214]" started-at="2024-04-12T22:02:39 IST" name="config" finished-at="2024-04-12T22:02:46 IST" duration-ms="6542" status="PASS">
          <reporter-output>
          </reporter-output>
        </test-method> <!-- config -->
        <test-method signature="TC_TH_002()[pri:1, instance:com.learnertracker.pages.TestClass1@1e6a3214]" started-at="2024-04-12T22:02:46 IST" name="TC_TH_002" finished-at="2024-04-12T22:02:53 IST" duration-ms="6600" status="PASS">
          <reporter-output>
          </reporter-output>
        </test-method> <!-- TC_TH_002 -->
        <test-method signature="TC_TH_003()[pri:2, instance:com.learnertracker.pages.TestClass1@1e6a3214]" started-at="2024-04-12T22:02:53 IST" name="TC_TH_003" finished-at="2024-04-12T22:03:00 IST" duration-ms="7034" status="PASS">
          <reporter-output>
          </reporter-output>
        </test-method> <!-- TC_TH_003 -->
        <test-method signature="TC_TH_004()[pri:3, instance:com.learnertracker.pages.TestClass1@1e6a3214]" started-at="2024-04-12T22:03:00 IST" name="TC_TH_004" finished-at="2024-04-12T22:03:08 IST" duration-ms="8234" status="PASS">
          <reporter-output>
          </reporter-output>
        </test-method> <!-- TC_TH_004 -->
        <test-method signature="TC_TH_005()[pri:4, instance:com.learnertracker.pages.TestClass1@1e6a3214]" started-at="2024-04-12T22:03:08 IST" name="TC_TH_005" finished-at="2024-04-12T22:03:15 IST" duration-ms="6852" status="PASS">
          <reporter-output>
          </reporter-output>
        </test-method> <!-- TC_TH_005 -->
        <test-method signature="TC_TH_001()[pri:5, instance:com.learnertracker.pages.TestClass1@1e6a3214]" started-at="2024-04-12T22:03:15 IST" name="TC_TH_001" finished-at="2024-04-12T22:03:23 IST" duration-ms="8564" status="PASS">
          <reporter-output>
          </reporter-output>
        </test-method> <!-- TC_TH_001 -->
        <test-method signature="TC_LF_001()[pri:6, instance:com.learnertracker.pages.TestClass1@1e6a3214]" started-at="2024-04-12T22:03:23 IST" name="TC_LF_001" finished-at="2024-04-12T22:03:33 IST" duration-ms="9466" status="PASS">
          <reporter-output>
          </reporter-output>
        </test-method> <!-- TC_LF_001 -->
        <test-method signature="TC_LF_002()[pri:7, instance:com.learnertracker.pages.TestClass1@1e6a3214]" started-at="2024-04-12T22:03:33 IST" name="TC_LF_002" finished-at="2024-04-12T22:03:43 IST" duration-ms="10418" status="PASS">
          <reporter-output>
          </reporter-output>
        </test-method> <!-- TC_LF_002 -->
        <test-method signature="TC_LF_003()[pri:8, instance:com.learnertracker.pages.TestClass1@1e6a3214]" started-at="2024-04-12T22:03:43 IST" name="TC_LF_003" finished-at="2024-04-12T22:03:58 IST" duration-ms="14361" status="PASS">
          <reporter-output>
          </reporter-output>
        </test-method> <!-- TC_LF_003 -->
        <test-method signature="TC_LF_004()[pri:9, instance:com.learnertracker.pages.TestClass1@1e6a3214]" started-at="2024-04-12T22:03:58 IST" name="TC_LF_004" finished-at="2024-04-12T22:04:05 IST" duration-ms="7016" status="PASS">
          <reporter-output>
          </reporter-output>
        </test-method> <!-- TC_LF_004 -->
        <test-method signature="TC_LG_001()[pri:10, instance:com.learnertracker.pages.TestClass1@1e6a3214]" started-at="2024-04-12T22:04:05 IST" name="TC_LG_001" finished-at="2024-04-12T22:04:07 IST" duration-ms="2381" status="PASS">
          <reporter-output>
          </reporter-output>
        </test-method> <!-- TC_LG_001 -->
        <test-method signature="TC_PO_002()[pri:11, instance:com.learnertracker.pages.TestClass1@1e6a3214]" started-at="2024-04-12T22:04:07 IST" name="TC_PO_002" finished-at="2024-04-12T22:04:14 IST" duration-ms="7064" status="PASS">
          <reporter-output>
          </reporter-output>
        </test-method> <!-- TC_PO_002 -->
        <test-method signature="TC_PO_003()[pri:12, instance:com.learnertracker.pages.TestClass1@1e6a3214]" started-at="2024-04-12T22:04:14 IST" name="TC_PO_003" finished-at="2024-04-12T22:04:21 IST" duration-ms="7256" status="PASS">
          <reporter-output>
          </reporter-output>
        </test-method> <!-- TC_PO_003 -->
        <test-method signature="TC_PO_004()[pri:13, instance:com.learnertracker.pages.TestClass1@1e6a3214]" started-at="2024-04-12T22:04:21 IST" name="TC_PO_004" finished-at="2024-04-12T22:04:28 IST" duration-ms="6933" status="PASS">
          <reporter-output>
          </reporter-output>
        </test-method> <!-- TC_PO_004 -->
        <test-method signature="TC_PO_005()[pri:14, instance:com.learnertracker.pages.TestClass1@1e6a3214]" started-at="2024-04-12T22:04:28 IST" name="TC_PO_005" finished-at="2024-04-12T22:04:35 IST" duration-ms="6849" status="PASS">
          <reporter-output>
          </reporter-output>
        </test-method> <!-- TC_PO_005 -->
        <test-method signature="TC_PO_001()[pri:15, instance:com.learnertracker.pages.TestClass1@1e6a3214]" started-at="2024-04-12T22:04:35 IST" name="TC_PO_001" finished-at="2024-04-12T22:04:42 IST" duration-ms="7095" status="PASS">
          <reporter-output>
          </reporter-output>
        </test-method> <!-- TC_PO_001 -->
        <test-method signature="TC_PS_001()[pri:16, instance:com.learnertracker.pages.TestClass1@1e6a3214]" started-at="2024-04-12T22:04:42 IST" name="TC_PS_001" finished-at="2024-04-12T22:04:51 IST" duration-ms="8925" status="PASS">
          <reporter-output>
          </reporter-output>
        </test-method> <!-- TC_PS_001 -->
        <test-method signature="TC_LG_002()[pri:17, instance:com.learnertracker.pages.TestClass1@1e6a3214]" started-at="2024-04-12T22:04:51 IST" name="TC_LG_002" finished-at="2024-04-12T22:04:55 IST" duration-ms="4343" status="PASS">
          <reporter-output>
          </reporter-output>
        </test-method> <!-- TC_LG_002 -->
        <test-method signature="TC_EF_001()[pri:18, instance:com.learnertracker.pages.TestClass1@1e6a3214]" started-at="2024-04-12T22:04:55 IST" name="TC_EF_001" finished-at="2024-04-12T22:05:18 IST" duration-ms="22253" status="PASS">
          <reporter-output>
          </reporter-output>
        </test-method> <!-- TC_EF_001 -->
        <test-method signature="TC_DF_001()[pri:19, instance:com.learnertracker.pages.TestClass1@1e6a3214]" started-at="2024-04-12T22:05:18 IST" name="TC_DF_001" finished-at="2024-04-12T22:05:23 IST" duration-ms="5410" status="PASS">
          <reporter-output>
          </reporter-output>
        </test-method> <!-- TC_DF_001 -->
        <test-method signature="TC_AD_001()[pri:20, instance:com.learnertracker.pages.TestClass1@1e6a3214]" started-at="2024-04-12T22:05:23 IST" name="TC_AD_001" finished-at="2024-04-12T22:05:30 IST" duration-ms="6500" status="PASS">
          <reporter-output>
          </reporter-output>
        </test-method> <!-- TC_AD_001 -->
        <test-method is-config="true" signature="Final()[pri:0, instance:com.learnertracker.pages.TestClass1@1e6a3214]" started-at="2024-04-12T22:05:30 IST" name="Final" finished-at="2024-04-12T22:05:30 IST" duration-ms="1" status="PASS">
          <reporter-output>
          </reporter-output>
        </test-method> <!-- Final -->
      </class> <!-- com.learnertracker.pages.TestClass1 -->
    </test> <!-- Default test -->
  </suite> <!-- Default suite -->
</testng-results>
